<?xml version="1.0" encoding="UTF-8"?>
<testsuite xmlns:xsi="http://www.w3.org/2001/XMLSchema-instance" xsi:noNamespaceSchemaLocation="https://maven.apache.org/surefire/maven-surefire-plugin/xsd/surefire-test-report.xsd" name="com.readtransformwrite.presentation.PresentationLayerApplicationTests" time="82.612" tests="1" errors="0" skipped="0" failures="0">
  <properties>
    <property name="awt.toolkit" value="sun.awt.X11.XToolkit"/>
    <property name="file.encoding.pkg" value="sun.io"/>
    <property name="java.specification.version" value="1.8"/>
    <property name="sun.cpu.isalist" value=""/>
    <property name="sun.jnu.encoding" value="UTF-8"/>
    <property name="java.class.path" value="/home/pi/rtw-pres/target/test-classes:/home/pi/rtw-pres/target/classes:/home/pi/.m2/repository/org/springframework/boot/spring-boot-starter-jersey/2.4.5/spring-boot-starter-jersey-2.4.5.jar:/home/pi/.m2/repository/org/springframework/boot/spring-boot-starter-json/2.4.5/spring-boot-starter-json-2.4.5.jar:/home/pi/.m2/repository/com/fasterxml/jackson/core/jackson-databind/2.11.4/jackson-databind-2.11.4.jar:/home/pi/.m2/repository/com/fasterxml/jackson/core/jackson-core/2.11.4/jackson-core-2.11.4.jar:/home/pi/.m2/repository/com/fasterxml/jackson/datatype/jackson-datatype-jdk8/2.11.4/jackson-datatype-jdk8-2.11.4.jar:/home/pi/.m2/repository/com/fasterxml/jackson/datatype/jackson-datatype-jsr310/2.11.4/jackson-datatype-jsr310-2.11.4.jar:/home/pi/.m2/repository/com/fasterxml/jackson/module/jackson-module-parameter-names/2.11.4/jackson-module-parameter-names-2.11.4.jar:/home/pi/.m2/repository/org/springframework/boot/spring-boot-starter-tomcat/2.4.5/spring-boot-starter-tomcat-2.4.5.jar:/home/pi/.m2/repository/jakarta/annotation/jakarta.annotation-api/1.3.5/jakarta.annotation-api-1.3.5.jar:/home/pi/.m2/repository/org/apache/tomcat/embed/tomcat-embed-core/9.0.45/tomcat-embed-core-9.0.45.jar:/home/pi/.m2/repository/org/glassfish/jakarta.el/3.0.3/jakarta.el-3.0.3.jar:/home/pi/.m2/repository/org/apache/tomcat/embed/tomcat-embed-websocket/9.0.45/tomcat-embed-websocket-9.0.45.jar:/home/pi/.m2/repository/org/springframework/boot/spring-boot-starter-validation/2.4.5/spring-boot-starter-validation-2.4.5.jar:/home/pi/.m2/repository/org/hibernate/validator/hibernate-validator/6.1.7.Final/hibernate-validator-6.1.7.Final.jar:/home/pi/.m2/repository/org/jboss/logging/jboss-logging/3.4.1.Final/jboss-logging-3.4.1.Final.jar:/home/pi/.m2/repository/com/fasterxml/classmate/1.5.1/classmate-1.5.1.jar:/home/pi/.m2/repository/org/springframework/spring-web/5.3.6/spring-web-5.3.6.jar:/home/pi/.m2/repository/org/springframework/spring-beans/5.3.6/spring-beans-5.3.6.jar:/home/pi/.m2/repository/org/glassfish/jersey/core/jersey-server/2.32/jersey-server-2.32.jar:/home/pi/.m2/repository/org/glassfish/jersey/core/jersey-common/2.32/jersey-common-2.32.jar:/home/pi/.m2/repository/org/glassfish/hk2/osgi-resource-locator/1.0.3/osgi-resource-locator-1.0.3.jar:/home/pi/.m2/repository/org/glassfish/jersey/core/jersey-client/2.32/jersey-client-2.32.jar:/home/pi/.m2/repository/jakarta/ws/rs/jakarta.ws.rs-api/2.1.6/jakarta.ws.rs-api-2.1.6.jar:/home/pi/.m2/repository/org/glassfish/jersey/media/jersey-media-jaxb/2.32/jersey-media-jaxb-2.32.jar:/home/pi/.m2/repository/org/glassfish/hk2/external/jakarta.inject/2.6.1/jakarta.inject-2.6.1.jar:/home/pi/.m2/repository/jakarta/validation/jakarta.validation-api/2.0.2/jakarta.validation-api-2.0.2.jar:/home/pi/.m2/repository/org/glassfish/jersey/containers/jersey-container-servlet-core/2.32/jersey-container-servlet-core-2.32.jar:/home/pi/.m2/repository/org/glassfish/jersey/containers/jersey-container-servlet/2.32/jersey-container-servlet-2.32.jar:/home/pi/.m2/repository/org/glassfish/jersey/ext/jersey-bean-validation/2.32/jersey-bean-validation-2.32.jar:/home/pi/.m2/repository/org/glassfish/jersey/ext/jersey-spring5/2.32/jersey-spring5-2.32.jar:/home/pi/.m2/repository/org/glassfish/jersey/inject/jersey-hk2/2.32/jersey-hk2-2.32.jar:/home/pi/.m2/repository/org/glassfish/hk2/hk2-locator/2.6.1/hk2-locator-2.6.1.jar:/home/pi/.m2/repository/org/glassfish/hk2/external/aopalliance-repackaged/2.6.1/aopalliance-repackaged-2.6.1.jar:/home/pi/.m2/repository/org/javassist/javassist/3.25.0-GA/javassist-3.25.0-GA.jar:/home/pi/.m2/repository/org/glassfish/hk2/hk2/2.6.1/hk2-2.6.1.jar:/home/pi/.m2/repository/org/glassfish/hk2/hk2-utils/2.6.1/hk2-utils-2.6.1.jar:/home/pi/.m2/repository/org/glassfish/hk2/hk2-api/2.6.1/hk2-api-2.6.1.jar:/home/pi/.m2/repository/org/glassfish/hk2/hk2-core/2.6.1/hk2-core-2.6.1.jar:/home/pi/.m2/repository/org/glassfish/hk2/hk2-runlevel/2.6.1/hk2-runlevel-2.6.1.jar:/home/pi/.m2/repository/org/glassfish/hk2/class-model/2.6.1/class-model-2.6.1.jar:/home/pi/.m2/repository/org/ow2/asm/asm/7.1/asm-7.1.jar:/home/pi/.m2/repository/org/ow2/asm/asm-analysis/7.1/asm-analysis-7.1.jar:/home/pi/.m2/repository/org/ow2/asm/asm-commons/7.1/asm-commons-7.1.jar:/home/pi/.m2/repository/org/ow2/asm/asm-tree/7.1/asm-tree-7.1.jar:/home/pi/.m2/repository/org/ow2/asm/asm-util/7.1/asm-util-7.1.jar:/home/pi/.m2/repository/org/glassfish/hk2/spring-bridge/2.6.1/spring-bridge-2.6.1.jar:/home/pi/.m2/repository/org/springframework/spring-context/5.3.6/spring-context-5.3.6.jar:/home/pi/.m2/repository/org/springframework/spring-aop/5.3.6/spring-aop-5.3.6.jar:/home/pi/.m2/repository/org/glassfish/jersey/media/jersey-media-json-jackson/2.32/jersey-media-json-jackson-2.32.jar:/home/pi/.m2/repository/org/glassfish/jersey/ext/jersey-entity-filtering/2.32/jersey-entity-filtering-2.32.jar:/home/pi/.m2/repository/com/fasterxml/jackson/core/jackson-annotations/2.11.4/jackson-annotations-2.11.4.jar:/home/pi/.m2/repository/com/fasterxml/jackson/module/jackson-module-jaxb-annotations/2.11.4/jackson-module-jaxb-annotations-2.11.4.jar:/home/pi/.m2/repository/org/springframework/boot/spring-boot-starter-thymeleaf/2.4.5/spring-boot-starter-thymeleaf-2.4.5.jar:/home/pi/.m2/repository/org/springframework/boot/spring-boot-starter/2.4.5/spring-boot-starter-2.4.5.jar:/home/pi/.m2/repository/org/springframework/boot/spring-boot/2.4.5/spring-boot-2.4.5.jar:/home/pi/.m2/repository/org/springframework/boot/spring-boot-autoconfigure/2.4.5/spring-boot-autoconfigure-2.4.5.jar:/home/pi/.m2/repository/org/springframework/boot/spring-boot-starter-logging/2.4.5/spring-boot-starter-logging-2.4.5.jar:/home/pi/.m2/repository/ch/qos/logback/logback-classic/1.2.3/logback-classic-1.2.3.jar:/home/pi/.m2/repository/ch/qos/logback/logback-core/1.2.3/logback-core-1.2.3.jar:/home/pi/.m2/repository/org/apache/logging/log4j/log4j-to-slf4j/2.13.3/log4j-to-slf4j-2.13.3.jar:/home/pi/.m2/repository/org/apache/logging/log4j/log4j-api/2.13.3/log4j-api-2.13.3.jar:/home/pi/.m2/repository/org/slf4j/jul-to-slf4j/1.7.30/jul-to-slf4j-1.7.30.jar:/home/pi/.m2/repository/org/yaml/snakeyaml/1.27/snakeyaml-1.27.jar:/home/pi/.m2/repository/org/thymeleaf/thymeleaf-spring5/3.0.12.RELEASE/thymeleaf-spring5-3.0.12.RELEASE.jar:/home/pi/.m2/repository/org/thymeleaf/thymeleaf/3.0.12.RELEASE/thymeleaf-3.0.12.RELEASE.jar:/home/pi/.m2/repository/org/attoparser/attoparser/2.0.5.RELEASE/attoparser-2.0.5.RELEASE.jar:/home/pi/.m2/repository/org/unbescape/unbescape/1.1.6.RELEASE/unbescape-1.1.6.RELEASE.jar:/home/pi/.m2/repository/org/slf4j/slf4j-api/1.7.30/slf4j-api-1.7.30.jar:/home/pi/.m2/repository/org/thymeleaf/extras/thymeleaf-extras-java8time/3.0.4.RELEASE/thymeleaf-extras-java8time-3.0.4.RELEASE.jar:/home/pi/.m2/repository/org/springframework/boot/spring-boot-starter-web/2.4.5/spring-boot-starter-web-2.4.5.jar:/home/pi/.m2/repository/org/springframework/spring-webmvc/5.3.6/spring-webmvc-5.3.6.jar:/home/pi/.m2/repository/org/springframework/spring-expression/5.3.6/spring-expression-5.3.6.jar:/home/pi/.m2/repository/org/springframework/boot/spring-boot-starter-web-services/2.4.5/spring-boot-starter-web-services-2.4.5.jar:/home/pi/.m2/repository/com/sun/xml/messaging/saaj/saaj-impl/1.5.3/saaj-impl-1.5.3.jar:/home/pi/.m2/repository/jakarta/xml/soap/jakarta.xml.soap-api/1.4.2/jakarta.xml.soap-api-1.4.2.jar:/home/pi/.m2/repository/org/jvnet/staxex/stax-ex/1.8.3/stax-ex-1.8.3.jar:/home/pi/.m2/repository/com/sun/activation/jakarta.activation/1.2.2/jakarta.activation-1.2.2.jar:/home/pi/.m2/repository/jakarta/xml/ws/jakarta.xml.ws-api/2.3.3/jakarta.xml.ws-api-2.3.3.jar:/home/pi/.m2/repository/jakarta/jws/jakarta.jws-api/2.1.0/jakarta.jws-api-2.1.0.jar:/home/pi/.m2/repository/org/springframework/spring-oxm/5.3.6/spring-oxm-5.3.6.jar:/home/pi/.m2/repository/org/springframework/ws/spring-ws-core/3.0.10.RELEASE/spring-ws-core-3.0.10.RELEASE.jar:/home/pi/.m2/repository/org/springframework/ws/spring-xml/3.0.10.RELEASE/spring-xml-3.0.10.RELEASE.jar:/home/pi/.m2/repository/org/springframework/boot/spring-boot-starter-test/2.4.5/spring-boot-starter-test-2.4.5.jar:/home/pi/.m2/repository/org/springframework/boot/spring-boot-test/2.4.5/spring-boot-test-2.4.5.jar:/home/pi/.m2/repository/org/springframework/boot/spring-boot-test-autoconfigure/2.4.5/spring-boot-test-autoconfigure-2.4.5.jar:/home/pi/.m2/repository/com/jayway/jsonpath/json-path/2.4.0/json-path-2.4.0.jar:/home/pi/.m2/repository/net/minidev/json-smart/2.3/json-smart-2.3.jar:/home/pi/.m2/repository/net/minidev/accessors-smart/1.2/accessors-smart-1.2.jar:/home/pi/.m2/repository/jakarta/xml/bind/jakarta.xml.bind-api/2.3.3/jakarta.xml.bind-api-2.3.3.jar:/home/pi/.m2/repository/jakarta/activation/jakarta.activation-api/1.2.2/jakarta.activation-api-1.2.2.jar:/home/pi/.m2/repository/org/assertj/assertj-core/3.18.1/assertj-core-3.18.1.jar:/home/pi/.m2/repository/org/hamcrest/hamcrest/2.2/hamcrest-2.2.jar:/home/pi/.m2/repository/org/junit/jupiter/junit-jupiter/5.7.1/junit-jupiter-5.7.1.jar:/home/pi/.m2/repository/org/junit/jupiter/junit-jupiter-api/5.7.1/junit-jupiter-api-5.7.1.jar:/home/pi/.m2/repository/org/apiguardian/apiguardian-api/1.1.0/apiguardian-api-1.1.0.jar:/home/pi/.m2/repository/org/opentest4j/opentest4j/1.2.0/opentest4j-1.2.0.jar:/home/pi/.m2/repository/org/junit/platform/junit-platform-commons/1.7.1/junit-platform-commons-1.7.1.jar:/home/pi/.m2/repository/org/junit/jupiter/junit-jupiter-params/5.7.1/junit-jupiter-params-5.7.1.jar:/home/pi/.m2/repository/org/junit/jupiter/junit-jupiter-engine/5.7.1/junit-jupiter-engine-5.7.1.jar:/home/pi/.m2/repository/org/junit/platform/junit-platform-engine/1.7.1/junit-platform-engine-1.7.1.jar:/home/pi/.m2/repository/org/mockito/mockito-core/3.6.28/mockito-core-3.6.28.jar:/home/pi/.m2/repository/net/bytebuddy/byte-buddy/1.10.22/byte-buddy-1.10.22.jar:/home/pi/.m2/repository/net/bytebuddy/byte-buddy-agent/1.10.22/byte-buddy-agent-1.10.22.jar:/home/pi/.m2/repository/org/objenesis/objenesis/3.1/objenesis-3.1.jar:/home/pi/.m2/repository/org/mockito/mockito-junit-jupiter/3.6.28/mockito-junit-jupiter-3.6.28.jar:/home/pi/.m2/repository/org/skyscreamer/jsonassert/1.5.0/jsonassert-1.5.0.jar:/home/pi/.m2/repository/com/vaadin/external/google/android-json/0.0.20131108.vaadin1/android-json-0.0.20131108.vaadin1.jar:/home/pi/.m2/repository/org/springframework/spring-core/5.3.6/spring-core-5.3.6.jar:/home/pi/.m2/repository/org/springframework/spring-jcl/5.3.6/spring-jcl-5.3.6.jar:/home/pi/.m2/repository/org/springframework/spring-test/5.3.6/spring-test-5.3.6.jar:/home/pi/.m2/repository/org/xmlunit/xmlunit-core/2.7.0/xmlunit-core-2.7.0.jar:"/>
    <property name="java.vm.vendor" value="Oracle Corporation"/>
    <property name="sun.arch.data.model" value="32"/>
    <property name="java.vendor.url" value="http://java.oracle.com/"/>
    <property name="user.timezone" value=""/>
    <property name="java.vm.specification.version" value="1.8"/>
    <property name="os.name" value="Linux"/>
    <property name="user.country" value="GB"/>
    <property name="sun.java.launcher" value="SUN_STANDARD"/>
    <property name="sun.boot.library.path" value="/usr/lib/jvm/java-8-openjdk-armhf/jre/lib/arm"/>
    <property name="sun.java.command" value="/home/pi/rtw-pres/target/surefire/surefirebooter3584592556563813335.jar /home/pi/rtw-pres/target/surefire 2021-04-30T17-53-35_161-jvmRun1 surefire8207517787017808488tmp surefire_08273903687170584548tmp"/>
    <property name="surefire.test.class.path" value="/home/pi/rtw-pres/target/test-classes:/home/pi/rtw-pres/target/classes:/home/pi/.m2/repository/org/springframework/boot/spring-boot-starter-jersey/2.4.5/spring-boot-starter-jersey-2.4.5.jar:/home/pi/.m2/repository/org/springframework/boot/spring-boot-starter-json/2.4.5/spring-boot-starter-json-2.4.5.jar:/home/pi/.m2/repository/com/fasterxml/jackson/core/jackson-databind/2.11.4/jackson-databind-2.11.4.jar:/home/pi/.m2/repository/com/fasterxml/jackson/core/jackson-core/2.11.4/jackson-core-2.11.4.jar:/home/pi/.m2/repository/com/fasterxml/jackson/datatype/jackson-datatype-jdk8/2.11.4/jackson-datatype-jdk8-2.11.4.jar:/home/pi/.m2/repository/com/fasterxml/jackson/datatype/jackson-datatype-jsr310/2.11.4/jackson-datatype-jsr310-2.11.4.jar:/home/pi/.m2/repository/com/fasterxml/jackson/module/jackson-module-parameter-names/2.11.4/jackson-module-parameter-names-2.11.4.jar:/home/pi/.m2/repository/org/springframework/boot/spring-boot-starter-tomcat/2.4.5/spring-boot-starter-tomcat-2.4.5.jar:/home/pi/.m2/repository/jakarta/annotation/jakarta.annotation-api/1.3.5/jakarta.annotation-api-1.3.5.jar:/home/pi/.m2/repository/org/apache/tomcat/embed/tomcat-embed-core/9.0.45/tomcat-embed-core-9.0.45.jar:/home/pi/.m2/repository/org/glassfish/jakarta.el/3.0.3/jakarta.el-3.0.3.jar:/home/pi/.m2/repository/org/apache/tomcat/embed/tomcat-embed-websocket/9.0.45/tomcat-embed-websocket-9.0.45.jar:/home/pi/.m2/repository/org/springframework/boot/spring-boot-starter-validation/2.4.5/spring-boot-starter-validation-2.4.5.jar:/home/pi/.m2/repository/org/hibernate/validator/hibernate-validator/6.1.7.Final/hibernate-validator-6.1.7.Final.jar:/home/pi/.m2/repository/org/jboss/logging/jboss-logging/3.4.1.Final/jboss-logging-3.4.1.Final.jar:/home/pi/.m2/repository/com/fasterxml/classmate/1.5.1/classmate-1.5.1.jar:/home/pi/.m2/repository/org/springframework/spring-web/5.3.6/spring-web-5.3.6.jar:/home/pi/.m2/repository/org/springframework/spring-beans/5.3.6/spring-beans-5.3.6.jar:/home/pi/.m2/repository/org/glassfish/jersey/core/jersey-server/2.32/jersey-server-2.32.jar:/home/pi/.m2/repository/org/glassfish/jersey/core/jersey-common/2.32/jersey-common-2.32.jar:/home/pi/.m2/repository/org/glassfish/hk2/osgi-resource-locator/1.0.3/osgi-resource-locator-1.0.3.jar:/home/pi/.m2/repository/org/glassfish/jersey/core/jersey-client/2.32/jersey-client-2.32.jar:/home/pi/.m2/repository/jakarta/ws/rs/jakarta.ws.rs-api/2.1.6/jakarta.ws.rs-api-2.1.6.jar:/home/pi/.m2/repository/org/glassfish/jersey/media/jersey-media-jaxb/2.32/jersey-media-jaxb-2.32.jar:/home/pi/.m2/repository/org/glassfish/hk2/external/jakarta.inject/2.6.1/jakarta.inject-2.6.1.jar:/home/pi/.m2/repository/jakarta/validation/jakarta.validation-api/2.0.2/jakarta.validation-api-2.0.2.jar:/home/pi/.m2/repository/org/glassfish/jersey/containers/jersey-container-servlet-core/2.32/jersey-container-servlet-core-2.32.jar:/home/pi/.m2/repository/org/glassfish/jersey/containers/jersey-container-servlet/2.32/jersey-container-servlet-2.32.jar:/home/pi/.m2/repository/org/glassfish/jersey/ext/jersey-bean-validation/2.32/jersey-bean-validation-2.32.jar:/home/pi/.m2/repository/org/glassfish/jersey/ext/jersey-spring5/2.32/jersey-spring5-2.32.jar:/home/pi/.m2/repository/org/glassfish/jersey/inject/jersey-hk2/2.32/jersey-hk2-2.32.jar:/home/pi/.m2/repository/org/glassfish/hk2/hk2-locator/2.6.1/hk2-locator-2.6.1.jar:/home/pi/.m2/repository/org/glassfish/hk2/external/aopalliance-repackaged/2.6.1/aopalliance-repackaged-2.6.1.jar:/home/pi/.m2/repository/org/javassist/javassist/3.25.0-GA/javassist-3.25.0-GA.jar:/home/pi/.m2/repository/org/glassfish/hk2/hk2/2.6.1/hk2-2.6.1.jar:/home/pi/.m2/repository/org/glassfish/hk2/hk2-utils/2.6.1/hk2-utils-2.6.1.jar:/home/pi/.m2/repository/org/glassfish/hk2/hk2-api/2.6.1/hk2-api-2.6.1.jar:/home/pi/.m2/repository/org/glassfish/hk2/hk2-core/2.6.1/hk2-core-2.6.1.jar:/home/pi/.m2/repository/org/glassfish/hk2/hk2-runlevel/2.6.1/hk2-runlevel-2.6.1.jar:/home/pi/.m2/repository/org/glassfish/hk2/class-model/2.6.1/class-model-2.6.1.jar:/home/pi/.m2/repository/org/ow2/asm/asm/7.1/asm-7.1.jar:/home/pi/.m2/repository/org/ow2/asm/asm-analysis/7.1/asm-analysis-7.1.jar:/home/pi/.m2/repository/org/ow2/asm/asm-commons/7.1/asm-commons-7.1.jar:/home/pi/.m2/repository/org/ow2/asm/asm-tree/7.1/asm-tree-7.1.jar:/home/pi/.m2/repository/org/ow2/asm/asm-util/7.1/asm-util-7.1.jar:/home/pi/.m2/repository/org/glassfish/hk2/spring-bridge/2.6.1/spring-bridge-2.6.1.jar:/home/pi/.m2/repository/org/springframework/spring-context/5.3.6/spring-context-5.3.6.jar:/home/pi/.m2/repository/org/springframework/spring-aop/5.3.6/spring-aop-5.3.6.jar:/home/pi/.m2/repository/org/glassfish/jersey/media/jersey-media-json-jackson/2.32/jersey-media-json-jackson-2.32.jar:/home/pi/.m2/repository/org/glassfish/jersey/ext/jersey-entity-filtering/2.32/jersey-entity-filtering-2.32.jar:/home/pi/.m2/repository/com/fasterxml/jackson/core/jackson-annotations/2.11.4/jackson-annotations-2.11.4.jar:/home/pi/.m2/repository/com/fasterxml/jackson/module/jackson-module-jaxb-annotations/2.11.4/jackson-module-jaxb-annotations-2.11.4.jar:/home/pi/.m2/repository/org/springframework/boot/spring-boot-starter-thymeleaf/2.4.5/spring-boot-starter-thymeleaf-2.4.5.jar:/home/pi/.m2/repository/org/springframework/boot/spring-boot-starter/2.4.5/spring-boot-starter-2.4.5.jar:/home/pi/.m2/repository/org/springframework/boot/spring-boot/2.4.5/spring-boot-2.4.5.jar:/home/pi/.m2/repository/org/springframework/boot/spring-boot-autoconfigure/2.4.5/spring-boot-autoconfigure-2.4.5.jar:/home/pi/.m2/repository/org/springframework/boot/spring-boot-starter-logging/2.4.5/spring-boot-starter-logging-2.4.5.jar:/home/pi/.m2/repository/ch/qos/logback/logback-classic/1.2.3/logback-classic-1.2.3.jar:/home/pi/.m2/repository/ch/qos/logback/logback-core/1.2.3/logback-core-1.2.3.jar:/home/pi/.m2/repository/org/apache/logging/log4j/log4j-to-slf4j/2.13.3/log4j-to-slf4j-2.13.3.jar:/home/pi/.m2/repository/org/apache/logging/log4j/log4j-api/2.13.3/log4j-api-2.13.3.jar:/home/pi/.m2/repository/org/slf4j/jul-to-slf4j/1.7.30/jul-to-slf4j-1.7.30.jar:/home/pi/.m2/repository/org/yaml/snakeyaml/1.27/snakeyaml-1.27.jar:/home/pi/.m2/repository/org/thymeleaf/thymeleaf-spring5/3.0.12.RELEASE/thymeleaf-spring5-3.0.12.RELEASE.jar:/home/pi/.m2/repository/org/thymeleaf/thymeleaf/3.0.12.RELEASE/thymeleaf-3.0.12.RELEASE.jar:/home/pi/.m2/repository/org/attoparser/attoparser/2.0.5.RELEASE/attoparser-2.0.5.RELEASE.jar:/home/pi/.m2/repository/org/unbescape/unbescape/1.1.6.RELEASE/unbescape-1.1.6.RELEASE.jar:/home/pi/.m2/repository/org/slf4j/slf4j-api/1.7.30/slf4j-api-1.7.30.jar:/home/pi/.m2/repository/org/thymeleaf/extras/thymeleaf-extras-java8time/3.0.4.RELEASE/thymeleaf-extras-java8time-3.0.4.RELEASE.jar:/home/pi/.m2/repository/org/springframework/boot/spring-boot-starter-web/2.4.5/spring-boot-starter-web-2.4.5.jar:/home/pi/.m2/repository/org/springframework/spring-webmvc/5.3.6/spring-webmvc-5.3.6.jar:/home/pi/.m2/repository/org/springframework/spring-expression/5.3.6/spring-expression-5.3.6.jar:/home/pi/.m2/repository/org/springframework/boot/spring-boot-starter-web-services/2.4.5/spring-boot-starter-web-services-2.4.5.jar:/home/pi/.m2/repository/com/sun/xml/messaging/saaj/saaj-impl/1.5.3/saaj-impl-1.5.3.jar:/home/pi/.m2/repository/jakarta/xml/soap/jakarta.xml.soap-api/1.4.2/jakarta.xml.soap-api-1.4.2.jar:/home/pi/.m2/repository/org/jvnet/staxex/stax-ex/1.8.3/stax-ex-1.8.3.jar:/home/pi/.m2/repository/com/sun/activation/jakarta.activation/1.2.2/jakarta.activation-1.2.2.jar:/home/pi/.m2/repository/jakarta/xml/ws/jakarta.xml.ws-api/2.3.3/jakarta.xml.ws-api-2.3.3.jar:/home/pi/.m2/repository/jakarta/jws/jakarta.jws-api/2.1.0/jakarta.jws-api-2.1.0.jar:/home/pi/.m2/repository/org/springframework/spring-oxm/5.3.6/spring-oxm-5.3.6.jar:/home/pi/.m2/repository/org/springframework/ws/spring-ws-core/3.0.10.RELEASE/spring-ws-core-3.0.10.RELEASE.jar:/home/pi/.m2/repository/org/springframework/ws/spring-xml/3.0.10.RELEASE/spring-xml-3.0.10.RELEASE.jar:/home/pi/.m2/repository/org/springframework/boot/spring-boot-starter-test/2.4.5/spring-boot-starter-test-2.4.5.jar:/home/pi/.m2/repository/org/springframework/boot/spring-boot-test/2.4.5/spring-boot-test-2.4.5.jar:/home/pi/.m2/repository/org/springframework/boot/spring-boot-test-autoconfigure/2.4.5/spring-boot-test-autoconfigure-2.4.5.jar:/home/pi/.m2/repository/com/jayway/jsonpath/json-path/2.4.0/json-path-2.4.0.jar:/home/pi/.m2/repository/net/minidev/json-smart/2.3/json-smart-2.3.jar:/home/pi/.m2/repository/net/minidev/accessors-smart/1.2/accessors-smart-1.2.jar:/home/pi/.m2/repository/jakarta/xml/bind/jakarta.xml.bind-api/2.3.3/jakarta.xml.bind-api-2.3.3.jar:/home/pi/.m2/repository/jakarta/activation/jakarta.activation-api/1.2.2/jakarta.activation-api-1.2.2.jar:/home/pi/.m2/repository/org/assertj/assertj-core/3.18.1/assertj-core-3.18.1.jar:/home/pi/.m2/repository/org/hamcrest/hamcrest/2.2/hamcrest-2.2.jar:/home/pi/.m2/repository/org/junit/jupiter/junit-jupiter/5.7.1/junit-jupiter-5.7.1.jar:/home/pi/.m2/repository/org/junit/jupiter/junit-jupiter-api/5.7.1/junit-jupiter-api-5.7.1.jar:/home/pi/.m2/repository/org/apiguardian/apiguardian-api/1.1.0/apiguardian-api-1.1.0.jar:/home/pi/.m2/repository/org/opentest4j/opentest4j/1.2.0/opentest4j-1.2.0.jar:/home/pi/.m2/repository/org/junit/platform/junit-platform-commons/1.7.1/junit-platform-commons-1.7.1.jar:/home/pi/.m2/repository/org/junit/jupiter/junit-jupiter-params/5.7.1/junit-jupiter-params-5.7.1.jar:/home/pi/.m2/repository/org/junit/jupiter/junit-jupiter-engine/5.7.1/junit-jupiter-engine-5.7.1.jar:/home/pi/.m2/repository/org/junit/platform/junit-platform-engine/1.7.1/junit-platform-engine-1.7.1.jar:/home/pi/.m2/repository/org/mockito/mockito-core/3.6.28/mockito-core-3.6.28.jar:/home/pi/.m2/repository/net/bytebuddy/byte-buddy/1.10.22/byte-buddy-1.10.22.jar:/home/pi/.m2/repository/net/bytebuddy/byte-buddy-agent/1.10.22/byte-buddy-agent-1.10.22.jar:/home/pi/.m2/repository/org/objenesis/objenesis/3.1/objenesis-3.1.jar:/home/pi/.m2/repository/org/mockito/mockito-junit-jupiter/3.6.28/mockito-junit-jupiter-3.6.28.jar:/home/pi/.m2/repository/org/skyscreamer/jsonassert/1.5.0/jsonassert-1.5.0.jar:/home/pi/.m2/repository/com/vaadin/external/google/android-json/0.0.20131108.vaadin1/android-json-0.0.20131108.vaadin1.jar:/home/pi/.m2/repository/org/springframework/spring-core/5.3.6/spring-core-5.3.6.jar:/home/pi/.m2/repository/org/springframework/spring-jcl/5.3.6/spring-jcl-5.3.6.jar:/home/pi/.m2/repository/org/springframework/spring-test/5.3.6/spring-test-5.3.6.jar:/home/pi/.m2/repository/org/xmlunit/xmlunit-core/2.7.0/xmlunit-core-2.7.0.jar:"/>
    <property name="sun.cpu.endian" value="little"/>
    <property name="user.home" value="/home/pi"/>
    <property name="user.language" value="en"/>
    <property name="java.specification.vendor" value="Oracle Corporation"/>
    <property name="java.home" value="/usr/lib/jvm/java-8-openjdk-armhf/jre"/>
    <property name="basedir" value="/home/pi/rtw-pres"/>
    <property name="file.separator" value="/"/>
    <property name="line.separator" value="&#10;"/>
    <property name="java.vm.specification.vendor" value="Oracle Corporation"/>
    <property name="java.specification.name" value="Java Platform API Specification"/>
    <property name="java.awt.graphicsenv" value="sun.awt.X11GraphicsEnvironment"/>
    <property name="surefire.real.class.path" value="/home/pi/rtw-pres/target/surefire/surefirebooter3584592556563813335.jar"/>
    <property name="sun.boot.class.path" value="/usr/lib/jvm/java-8-openjdk-armhf/jre/lib/resources.jar:/usr/lib/jvm/java-8-openjdk-armhf/jre/lib/rt.jar:/usr/lib/jvm/java-8-openjdk-armhf/jre/lib/sunrsasign.jar:/usr/lib/jvm/java-8-openjdk-armhf/jre/lib/jsse.jar:/usr/lib/jvm/java-8-openjdk-armhf/jre/lib/jce.jar:/usr/lib/jvm/java-8-openjdk-armhf/jre/lib/charsets.jar:/usr/lib/jvm/java-8-openjdk-armhf/jre/lib/jfr.jar:/usr/lib/jvm/java-8-openjdk-armhf/jre/classes"/>
    <property name="sun.management.compiler" value="HotSpot Client Compiler"/>
    <property name="java.runtime.version" value="1.8.0_212-8u212-b01-1+rpi1-b01"/>
    <property name="user.name" value="pi"/>
    <property name="path.separator" value=":"/>
    <property name="os.version" value="5.10.17+"/>
    <property name="java.endorsed.dirs" value="/usr/lib/jvm/java-8-openjdk-armhf/jre/lib/endorsed"/>
    <property name="java.runtime.name" value="OpenJDK Runtime Environment"/>
    <property name="file.encoding" value="UTF-8"/>
    <property name="java.vm.name" value="OpenJDK Client VM"/>
    <property name="localRepository" value="/home/pi/.m2/repository"/>
    <property name="java.vendor.url.bug" value="http://bugreport.sun.com/bugreport/"/>
    <property name="java.io.tmpdir" value="/tmp"/>
    <property name="java.version" value="1.8.0_212"/>
    <property name="user.dir" value="/home/pi/rtw-pres"/>
    <property name="os.arch" value="arm"/>
    <property name="java.vm.specification.name" value="Java Virtual Machine Specification"/>
    <property name="java.awt.printerjob" value="sun.print.PSPrinterJob"/>
    <property name="sun.os.patch.level" value="unknown"/>
    <property name="java.library.path" value="/usr/java/packages/lib/arm:/usr/lib/arm-linux-gnueabihf/jni:/lib/arm-linux-gnueabihf:/usr/lib/arm-linux-gnueabihf:/usr/lib/jni:/lib:/usr/lib"/>
    <property name="java.vm.info" value="mixed mode"/>
    <property name="java.vendor" value="Oracle Corporation"/>
    <property name="java.vm.version" value="25.212-b01"/>
    <property name="java.ext.dirs" value="/usr/lib/jvm/java-8-openjdk-armhf/jre/lib/ext:/usr/java/packages/lib/ext"/>
    <property name="sun.io.unicode.encoding" value="UnicodeLittle"/>
    <property name="java.class.version" value="52.0"/>
  </properties>
  <testcase name="contextLoads" classname="com.readtransformwrite.presentation.PresentationLayerApplicationTests" time="4.74"/>
</testsuite>